# JRE version: Java(TM) SE Runtime Environment (8.0_271-b09) (build 1.8.0_271-b09)
# Java VM: Java HotSpot(TM) 64-Bit Server VM (25.271-b09 mixed mode windows-amd64 compressed oops)
Heap:
 PSYoungGen      total 37888K, used 2373K [0x00000000d6000000, 0x00000000d8a00000, 0x0000000100000000)
  eden space 32768K, 7% used [0x00000000d6000000,0x00000000d62514b0,0x00000000d8000000)
  from space 5120K, 0% used [0x00000000d8500000,0x00000000d8500000,0x00000000d8a00000)
  to   space 5120K, 0% used [0x00000000d8000000,0x00000000d8000000,0x00000000d8500000)
 ParOldGen       total 109568K, used 43361K [0x0000000082000000, 0x0000000088b00000, 0x00000000d6000000)
  object space 109568K, 39% used [0x0000000082000000,0x0000000084a58430,0x0000000088b00000)
 Metaspace       used 9404K, capacity 9562K, committed 9728K, reserved 1058816K
  class space    used 1070K, capacity 1161K, committed 1280K, reserved 1048576K
GC Heap History (6 events):
Event: 0.228 GC heap before
{Heap before GC invocations=1 (full 0):
 PSYoungGen      total 37888K, used 32768K [0x00000000d6000000, 0x00000000d8a00000, 0x0000000100000000)
  eden space 32768K, 100% used [0x00000000d6000000,0x00000000d8000000,0x00000000d8000000)
  from space 5120K, 0% used [0x00000000d8500000,0x00000000d8500000,0x00000000d8a00000)
  to   space 5120K, 0% used [0x00000000d8000000,0x00000000d8000000,0x00000000d8500000)
 ParOldGen       total 86016K, used 33983K [0x0000000082000000, 0x0000000087400000, 0x00000000d6000000)
  object space 86016K, 39% used [0x0000000082000000,0x000000008412ff10,0x0000000087400000)
 Metaspace       used 7054K, capacity 7234K, committed 7424K, reserved 1056768K
  class space    used 819K, capacity 903K, committed 1024K, reserved 1048576K
Event: 0.230 GC heap after
Heap after GC invocations=1 (full 0):
 PSYoungGen      total 37888K, used 1216K [0x00000000d6000000, 0x00000000d8a00000, 0x0000000100000000)
  eden space 32768K, 0% used [0x00000000d6000000,0x00000000d6000000,0x00000000d8000000)
  from space 5120K, 23% used [0x00000000d8000000,0x00000000d8130020,0x00000000d8500000)
  to   space 5120K, 0% used [0x00000000d8500000,0x00000000d8500000,0x00000000d8a00000)
 ParOldGen       total 86016K, used 33991K [0x0000000082000000, 0x0000000087400000, 0x00000000d6000000)
  object space 86016K, 39% used [0x0000000082000000,0x0000000084131f10,0x0000000087400000)
 Metaspace       used 7054K, capacity 7234K, committed 7424K, reserved 1056768K
  class space    used 819K, capacity 903K, committed 1024K, reserved 1048576K
}
Event: 30.587 GC heap before
{Heap before GC invocations=2 (full 0):
 PSYoungGen      total 37888K, used 33984K [0x00000000d6000000, 0x00000000d8a00000, 0x0000000100000000)
  eden space 32768K, 100% used [0x00000000d6000000,0x00000000d8000000,0x00000000d8000000)
  from space 5120K, 23% used [0x00000000d8000000,0x00000000d8130020,0x00000000d8500000)
  to   space 5120K, 0% used [0x00000000d8500000,0x00000000d8500000,0x00000000d8a00000)
 ParOldGen       total 86016K, used 33991K [0x0000000082000000, 0x0000000087400000, 0x00000000d6000000)
  object space 86016K, 39% used [0x0000000082000000,0x0000000084131f10,0x0000000087400000)
 Metaspace       used 9404K, capacity 9562K, committed 9728K, reserved 1058816K
  class space    used 1070K, capacity 1161K, committed 1280K, reserved 1048576K
Event: 30.593 GC heap after
Heap after GC invocations=2 (full 0):
 PSYoungGen      total 37888K, used 1877K [0x00000000d6000000, 0x00000000d8a00000, 0x0000000100000000)
  eden space 32768K, 0% used [0x00000000d6000000,0x00000000d6000000,0x00000000d8000000)
  from space 5120K, 36% used [0x00000000d8500000,0x00000000d86d54f0,0x00000000d8a00000)
  to   space 5120K, 0% used [0x00000000d8000000,0x00000000d8000000,0x00000000d8500000)
 ParOldGen       total 86016K, used 57024K [0x0000000082000000, 0x0000000087400000, 0x00000000d6000000)
  object space 86016K, 66% used [0x0000000082000000,0x00000000857b01a8,0x0000000087400000)
 Metaspace       used 9404K, capacity 9562K, committed 9728K, reserved 1058816K
  class space    used 1070K, capacity 1161K, committed 1280K, reserved 1048576K
}
Event: 30.593 GC heap before
{Heap before GC invocations=3 (full 1):
 PSYoungGen      total 37888K, used 1877K [0x00000000d6000000, 0x00000000d8a00000, 0x0000000100000000)
  eden space 32768K, 0% used [0x00000000d6000000,0x00000000d6000000,0x00000000d8000000)
  from space 5120K, 36% used [0x00000000d8500000,0x00000000d86d54f0,0x00000000d8a00000)
  to   space 5120K, 0% used [0x00000000d8000000,0x00000000d8000000,0x00000000d8500000)
 ParOldGen       total 86016K, used 57024K [0x0000000082000000, 0x0000000087400000, 0x00000000d6000000)
  object space 86016K, 66% used [0x0000000082000000,0x00000000857b01a8,0x0000000087400000)
 Metaspace       used 9404K, capacity 9562K, committed 9728K, reserved 1058816K
  class space    used 1070K, capacity 1161K, committed 1280K, reserved 1048576K
Event: 30.602 GC heap after
Heap after GC invocations=3 (full 1):
 PSYoungGen      total 37888K, used 0K [0x00000000d6000000, 0x00000000d8a00000, 0x0000000100000000)
  eden space 32768K, 0% used [0x00000000d6000000,0x00000000d6000000,0x00000000d8000000)
  from space 5120K, 0% used [0x00000000d8500000,0x00000000d8500000,0x00000000d8a00000)
  to   space 5120K, 0% used [0x00000000d8000000,0x00000000d8000000,0x00000000d8500000)
 ParOldGen       total 109568K, used 43361K [0x0000000082000000, 0x0000000088b00000, 0x00000000d6000000)
  object space 109568K, 39% used [0x0000000082000000,0x0000000084a58430,0x0000000088b00000)
 Metaspace       used 9404K, capacity 9562K, committed 9728K, reserved 1058816K
  class space    used 1070K, capacity 1161K, committed 1280K, reserved 1048576K
}

